<?xml version="1.0" encoding="UTF-8"?>
<!-- Generated by org.testng.reporters.JUnitXMLReporter -->
<testsuite ignored="0" hostname="DESKTOP-5EFGKH9" failures="1" tests="1" name="Default test(failed)" time="0.032" errors="0" timestamp="2024-06-06T12:47:18 IST">
  <testcase classname="runner.Sub" name="minus" time="0.0">
    <failure type="org.testng.TestNGException" message="
Parameter &amp;apos;a&amp;apos; is required by @Test on method minus but has not been marked @Optional or defined
in C:\Users\Naga Mani\eclipse-workspace\GFG_MAVEN\test-output\testng-failed.xml">
      <![CDATA[org.testng.TestNGException: 
Parameter 'a' is required by @Test on method minus but has not been marked @Optional or defined
in C:\Users\Naga Mani\eclipse-workspace\GFG_MAVEN\test-output\testng-failed.xml
at java.base/java.util.ArrayList.forEach(ArrayList.java:1511)
... Removed 26 stack frames]]>
    </failure>
  </testcase> <!-- minus -->
</testsuite> <!-- Default test(failed) -->
